The system is: Windows - 10.0.19041 - AMD64
Compiling the C compiler identification source file "CMakeCCompilerId.c" succeeded.
Compiler:  
Build flags: 
Id flags:  

The output was:
0
Microsoft (R) Build Engine 16.9.0+57a23d249 dla platformy .NET Framework
Copyright (C) Microsoft Corporation. Wszelkie prawa zastrzeľone.

Kompilacja rozpocz©a si© 2021-03-17 09:10:02.
Projekt "D:\Instalki\PAMSI_1\PAMSI_1\Build\CMakeFiles\3.19.7\CompilerIdC\CompilerIdC.vcxproj" w w©«le 1 (domylne elementy docelowe).
PrepareForBuild:
  Tworzenie katalogu "Debug\".
  Tworzenie katalogu "Debug\CompilerIdC.tlog\".
InitializeBuildStatus:
  Trwa tworzenie "Debug\CompilerIdC.tlog\unsuccessfulbuild", poniewaľ okrelono "AlwaysCreate".
ClCompile:
  D:\Instalki\MicrosoftBuildTools\VC\Tools\MSVC\14.28.29910\bin\HostX64\x64\CL.exe /c /nologo /W0 /WX- /diagnostics:column /Od /D _MBCS /Gm- /EHsc /RTC1 /MDd /GS /fp:precise /Zc:wchar_t /Zc:forScope /Zc:inline /Fo"Debug\\" /Fd"Debug\vc142.pdb" /Gd /TC /FC /errorReport:queue CMakeCCompilerId.c
  CMakeCCompilerId.c
Link:
  D:\Instalki\MicrosoftBuildTools\VC\Tools\MSVC\14.28.29910\bin\HostX64\x64\link.exe /ERRORREPORT:QUEUE /OUT:".\CompilerIdC.exe" /INCREMENTAL:NO /NOLOGO kernel32.lib user32.lib gdi32.lib winspool.lib comdlg32.lib advapi32.lib shell32.lib ole32.lib oleaut32.lib uuid.lib odbc32.lib odbccp32.lib /MANIFEST /MANIFESTUAC:"level='asInvoker' uiAccess='false'" /manifest:embed /PDB:".\CompilerIdC.pdb" /SUBSYSTEM:CONSOLE /TLBID:1 /DYNAMICBASE /NXCOMPAT /IMPLIB:".\CompilerIdC.lib" /MACHINE:X64 Debug\CMakeCCompilerId.obj
  CompilerIdC.vcxproj -> D:\Instalki\PAMSI_1\PAMSI_1\Build\CMakeFiles\3.19.7\CompilerIdC\CompilerIdC.exe
PostBuildEvent:
  for %%i in (cl.exe) do @echo CMAKE_C_COMPILER=%%~$PATH:i
  :VCEnd
  CMAKE_C_COMPILER=D:\Instalki\MicrosoftBuildTools\VC\Tools\MSVC\14.28.29910\bin\Hostx64\x64\cl.exe
FinalizeBuildStatus:
  Usuwanie pliku "Debug\CompilerIdC.tlog\unsuccessfulbuild".
  Modyfikowanie "Debug\CompilerIdC.tlog\CompilerIdC.lastbuildstate".
Kompilowanie projektu "D:\Instalki\PAMSI_1\PAMSI_1\Build\CMakeFiles\3.19.7\CompilerIdC\CompilerIdC.vcxproj" wykonane (domylne elementy docelowe).

Kompilacja powioda si©.
    Ostrzeľenia: 0
    Liczba b©d˘w: 0

Czas, kt˘ry upynĄ: 00:00:05.74


Compilation of the C compiler identification source "CMakeCCompilerId.c" produced "CompilerIdC.exe"

Compilation of the C compiler identification source "CMakeCCompilerId.c" produced "CompilerIdC.vcxproj"

The C compiler identification is MSVC, found in "D:/Instalki/PAMSI_1/PAMSI_1/Build/CMakeFiles/3.19.7/CompilerIdC/CompilerIdC.exe"

Compiling the CXX compiler identification source file "CMakeCXXCompilerId.cpp" succeeded.
Compiler:  
Build flags: 
Id flags:  

The output was:
0
Microsoft (R) Build Engine 16.9.0+57a23d249 dla platformy .NET Framework
Copyright (C) Microsoft Corporation. Wszelkie prawa zastrzeľone.

Kompilacja rozpocz©a si© 2021-03-17 09:10:09.
Projekt "D:\Instalki\PAMSI_1\PAMSI_1\Build\CMakeFiles\3.19.7\CompilerIdCXX\CompilerIdCXX.vcxproj" w w©«le 1 (domylne elementy docelowe).
PrepareForBuild:
  Tworzenie katalogu "Debug\".
  Tworzenie katalogu "Debug\CompilerIdCXX.tlog\".
InitializeBuildStatus:
  Trwa tworzenie "Debug\CompilerIdCXX.tlog\unsuccessfulbuild", poniewaľ okrelono "AlwaysCreate".
ClCompile:
  D:\Instalki\MicrosoftBuildTools\VC\Tools\MSVC\14.28.29910\bin\HostX64\x64\CL.exe /c /nologo /W0 /WX- /diagnostics:column /Od /D _MBCS /Gm- /EHsc /RTC1 /MDd /GS /fp:precise /Zc:wchar_t /Zc:forScope /Zc:inline /Fo"Debug\\" /Fd"Debug\vc142.pdb" /Gd /TP /FC /errorReport:queue CMakeCXXCompilerId.cpp
  CMakeCXXCompilerId.cpp
Link:
  D:\Instalki\MicrosoftBuildTools\VC\Tools\MSVC\14.28.29910\bin\HostX64\x64\link.exe /ERRORREPORT:QUEUE /OUT:".\CompilerIdCXX.exe" /INCREMENTAL:NO /NOLOGO kernel32.lib user32.lib gdi32.lib winspool.lib comdlg32.lib advapi32.lib shell32.lib ole32.lib oleaut32.lib uuid.lib odbc32.lib odbccp32.lib /MANIFEST /MANIFESTUAC:"level='asInvoker' uiAccess='false'" /manifest:embed /PDB:".\CompilerIdCXX.pdb" /SUBSYSTEM:CONSOLE /TLBID:1 /DYNAMICBASE /NXCOMPAT /IMPLIB:".\CompilerIdCXX.lib" /MACHINE:X64 Debug\CMakeCXXCompilerId.obj
  CompilerIdCXX.vcxproj -> D:\Instalki\PAMSI_1\PAMSI_1\Build\CMakeFiles\3.19.7\CompilerIdCXX\CompilerIdCXX.exe
PostBuildEvent:
  for %%i in (cl.exe) do @echo CMAKE_CXX_COMPILER=%%~$PATH:i
  :VCEnd
  CMAKE_CXX_COMPILER=D:\Instalki\MicrosoftBuildTools\VC\Tools\MSVC\14.28.29910\bin\Hostx64\x64\cl.exe
FinalizeBuildStatus:
  Usuwanie pliku "Debug\CompilerIdCXX.tlog\unsuccessfulbuild".
  Modyfikowanie "Debug\CompilerIdCXX.tlog\CompilerIdCXX.lastbuildstate".
Kompilowanie projektu "D:\Instalki\PAMSI_1\PAMSI_1\Build\CMakeFiles\3.19.7\CompilerIdCXX\CompilerIdCXX.vcxproj" wykonane (domylne elementy docelowe).

Kompilacja powioda si©.
    Ostrzeľenia: 0
    Liczba b©d˘w: 0

Czas, kt˘ry upynĄ: 00:00:02.43


Compilation of the CXX compiler identification source "CMakeCXXCompilerId.cpp" produced "CompilerIdCXX.exe"

Compilation of the CXX compiler identification source "CMakeCXXCompilerId.cpp" produced "CompilerIdCXX.vcxproj"

The CXX compiler identification is MSVC, found in "D:/Instalki/PAMSI_1/PAMSI_1/Build/CMakeFiles/3.19.7/CompilerIdCXX/CompilerIdCXX.exe"

Detecting C compiler ABI info compiled with the following output:
Change Dir: D:/Instalki/PAMSI_1/PAMSI_1/Build/CMakeFiles/CMakeTmp

Run Build Command(s):D:/Instalki/MicrosoftBuildTools/MSBuild/Current/Bin/MSBuild.exe cmTC_d9826.vcxproj /p:Configuration=Debug /p:Platform=x64 /p:VisualStudioVersion=16.0 /v:m && Microsoft (R) Build Engine 16.9.0+57a23d249 dla platformy .NET Framework
Copyright (C) Microsoft Corporation. Wszelkie prawa zastrzeľone.

  Microsoft (R) C/C++ wersja kompilatora optymalizujĄcego 19.28.29912 dla x64
  Copyright (C) Microsoft Corporation. Wszystkie prawa zastrzeľone.
  cl /c /Zi /W1 /WX- /diagnostics:column /Od /Ob0 /D WIN32 /D _WINDOWS /D "CMAKE_INTDIR=\"Debug\"" /D _MBCS /Gm- /RTC1 /MDd /GS /fp:precise /Zc:wchar_t /Zc:forScope /Zc:inline /Fo"cmTC_d9826.dir\Debug\\" /Fd"cmTC_d9826.dir\Debug\vc142.pdb" /Gd /TC /errorReport:queue "D:\Instalki\Cmake\share\cmake-3.19\Modules\CMakeCCompilerABI.c"
  CMakeCCompilerABI.c
  cmTC_d9826.vcxproj -> D:\Instalki\PAMSI_1\PAMSI_1\Build\CMakeFiles\CMakeTmp\Debug\cmTC_d9826.exe



Detecting CXX compiler ABI info compiled with the following output:
Change Dir: D:/Instalki/PAMSI_1/PAMSI_1/Build/CMakeFiles/CMakeTmp

Run Build Command(s):D:/Instalki/MicrosoftBuildTools/MSBuild/Current/Bin/MSBuild.exe cmTC_3c81a.vcxproj /p:Configuration=Debug /p:Platform=x64 /p:VisualStudioVersion=16.0 /v:m && Microsoft (R) Build Engine 16.9.0+57a23d249 dla platformy .NET Framework
Copyright (C) Microsoft Corporation. Wszelkie prawa zastrzeľone.

  Microsoft (R) C/C++ wersja kompilatora optymalizujĄcego 19.28.29912 dla x64
  Copyright (C) Microsoft Corporation. Wszystkie prawa zastrzeľone.
  CMakeCXXCompilerABI.cpp
  cl /c /Zi /W1 /WX- /diagnostics:column /Od /Ob0 /D WIN32 /D _WINDOWS /D "CMAKE_INTDIR=\"Debug\"" /D _MBCS /Gm- /EHsc /RTC1 /MDd /GS /fp:precise /Zc:wchar_t /Zc:forScope /Zc:inline /GR /Fo"cmTC_3c81a.dir\Debug\\" /Fd"cmTC_3c81a.dir\Debug\vc142.pdb" /Gd /TP /errorReport:queue "D:\Instalki\Cmake\share\cmake-3.19\Modules\CMakeCXXCompilerABI.cpp"
  cmTC_3c81a.vcxproj -> D:\Instalki\PAMSI_1\PAMSI_1\Build\CMakeFiles\CMakeTmp\Debug\cmTC_3c81a.exe



